0 verbose cli D:\Personal\研一上\大模型\Web版AI旅行规划师\AITravelPlanner\node\node.exe D:\Personal\研一上\大模型\Web版AI旅行规划师\AITravelPlanner\node\node_modules\npm\bin\npm-cli.js
1 info using npm@8.19.4
2 info using node@v16.20.2
3 timing npm:load:whichnode Completed in 1ms
4 timing config:load:defaults Completed in 1ms
5 timing config:load:file:D:\Personal\研一上\大模型\Web版AI旅行规划师\AITravelPlanner\node\node_modules\npm\npmrc Completed in 1ms
6 timing config:load:builtin Completed in 2ms
7 timing config:load:cli Completed in 2ms
8 timing config:load:env Completed in 1ms
9 timing config:load:file:D:\Personal\研一上\大模型\Web版AI旅行规划师\AITravelPlanner\.npmrc Completed in 2ms
10 timing config:load:project Completed in 8ms
11 timing config:load:file:C:\Users\LENOVO\.npmrc Completed in 0ms
12 timing config:load:user Completed in 0ms
13 timing config:load:file:D:\downloadsoftware\nodejs14\node_global\etc\npmrc Completed in 1ms
14 timing config:load:global Completed in 1ms
15 timing config:load:validate Completed in 1ms
16 timing config:load:credentials Completed in 1ms
17 timing config:load:setEnvs Completed in 1ms
18 timing config:load Completed in 18ms
19 timing npm:load:configload Completed in 18ms
20 timing npm:load:mkdirpcache Completed in 1ms
21 timing npm:load:mkdirplogs Completed in 0ms
22 verbose title npm install
23 verbose argv "install" "--cache" ".npm" "--no-audit"
24 timing npm:load:setTitle Completed in 2ms
25 timing config:load:flatten Completed in 3ms
26 timing npm:load:display Completed in 4ms
27 verbose logfile logs-max:10 dir:D:\Personal\研一上\大模型\Web版AI旅行规划师\AITravelPlanner\.npm\_logs
28 verbose logfile D:\Personal\研一上\大模型\Web版AI旅行规划师\AITravelPlanner\.npm\_logs\2025-11-11T09_17_21_001Z-debug-0.log
29 timing npm:load:logFile Completed in 7ms
30 timing npm:load:timers Completed in 0ms
31 timing npm:load:configScope Completed in 0ms
32 timing npm:load Completed in 34ms
33 timing arborist:ctor Completed in 0ms
34 silly logfile done cleaning log files
35 timing idealTree:init Completed in 164ms
36 timing idealTree:userRequests Completed in 0ms
37 silly idealTree buildDeps
38 timing idealTree:#root Completed in 0ms
39 timing idealTree:buildDeps Completed in 1ms
40 timing idealTree:fixDepFlags Completed in 0ms
41 timing idealTree Completed in 168ms
42 timing arborist:ctor Completed in 0ms
43 timing reify:loadTrees Completed in 295ms
44 timing reify:diffTrees Completed in 10ms
45 silly reify moves {}
46 timing reify:retireShallow Completed in 1ms
47 timing reify:createSparse Completed in 17ms
48 timing reify:loadBundles Completed in 0ms
49 verbose reify failed optional dependency D:\Personal\研一上\大模型\Web版AI旅行规划师\AITravelPlanner\node_modules\fsevents
50 silly reify mark deleted [
50 silly reify   'D:\\Personal\\研一上\\大模型\\Web版AI旅行规划师\\AITravelPlanner\\node_modules\\fsevents'
50 silly reify ]
51 verbose reify failed optional dependency D:\Personal\研一上\大模型\Web版AI旅行规划师\AITravelPlanner\node_modules\@swc\core-win32-ia32-msvc
52 silly reify mark deleted [
52 silly reify   'D:\\Personal\\研一上\\大模型\\Web版AI旅行规划师\\AITravelPlanner\\node_modules\\@swc\\core-win32-ia32-msvc'
52 silly reify ]
53 verbose reify failed optional dependency D:\Personal\研一上\大模型\Web版AI旅行规划师\AITravelPlanner\node_modules\@swc\core-win32-arm64-msvc
54 silly reify mark deleted [
54 silly reify   'D:\\Personal\\研一上\\大模型\\Web版AI旅行规划师\\AITravelPlanner\\node_modules\\@swc\\core-win32-arm64-msvc'
54 silly reify ]
55 verbose reify failed optional dependency D:\Personal\研一上\大模型\Web版AI旅行规划师\AITravelPlanner\node_modules\@swc\core-linux-x64-musl
56 silly reify mark deleted [
56 silly reify   'D:\\Personal\\研一上\\大模型\\Web版AI旅行规划师\\AITravelPlanner\\node_modules\\@swc\\core-linux-x64-musl'
56 silly reify ]
57 verbose reify failed optional dependency D:\Personal\研一上\大模型\Web版AI旅行规划师\AITravelPlanner\node_modules\@swc\core-linux-x64-gnu
58 silly reify mark deleted [
58 silly reify   'D:\\Personal\\研一上\\大模型\\Web版AI旅行规划师\\AITravelPlanner\\node_modules\\@swc\\core-linux-x64-gnu'
58 silly reify ]
59 verbose reify failed optional dependency D:\Personal\研一上\大模型\Web版AI旅行规划师\AITravelPlanner\node_modules\@swc\core-linux-arm64-musl
60 silly reify mark deleted [
60 silly reify   'D:\\Personal\\研一上\\大模型\\Web版AI旅行规划师\\AITravelPlanner\\node_modules\\@swc\\core-linux-arm64-musl'
60 silly reify ]
61 verbose reify failed optional dependency D:\Personal\研一上\大模型\Web版AI旅行规划师\AITravelPlanner\node_modules\@swc\core-linux-arm64-gnu
62 silly reify mark deleted [
62 silly reify   'D:\\Personal\\研一上\\大模型\\Web版AI旅行规划师\\AITravelPlanner\\node_modules\\@swc\\core-linux-arm64-gnu'
62 silly reify ]
63 verbose reify failed optional dependency D:\Personal\研一上\大模型\Web版AI旅行规划师\AITravelPlanner\node_modules\@swc\core-linux-arm-gnueabihf
64 silly reify mark deleted [
64 silly reify   'D:\\Personal\\研一上\\大模型\\Web版AI旅行规划师\\AITravelPlanner\\node_modules\\@swc\\core-linux-arm-gnueabihf'
64 silly reify ]
65 verbose reify failed optional dependency D:\Personal\研一上\大模型\Web版AI旅行规划师\AITravelPlanner\node_modules\@swc\core-darwin-x64
66 silly reify mark deleted [
66 silly reify   'D:\\Personal\\研一上\\大模型\\Web版AI旅行规划师\\AITravelPlanner\\node_modules\\@swc\\core-darwin-x64'
66 silly reify ]
67 verbose reify failed optional dependency D:\Personal\研一上\大模型\Web版AI旅行规划师\AITravelPlanner\node_modules\@swc\core-darwin-arm64
68 silly reify mark deleted [
68 silly reify   'D:\\Personal\\研一上\\大模型\\Web版AI旅行规划师\\AITravelPlanner\\node_modules\\@swc\\core-darwin-arm64'
68 silly reify ]
69 verbose reify failed optional dependency D:\Personal\研一上\大模型\Web版AI旅行规划师\AITravelPlanner\node_modules\@esbuild\win32-ia32
70 silly reify mark deleted [
70 silly reify   'D:\\Personal\\研一上\\大模型\\Web版AI旅行规划师\\AITravelPlanner\\node_modules\\@esbuild\\win32-ia32'
70 silly reify ]
71 verbose reify failed optional dependency D:\Personal\研一上\大模型\Web版AI旅行规划师\AITravelPlanner\node_modules\@esbuild\win32-arm64
72 silly reify mark deleted [
72 silly reify   'D:\\Personal\\研一上\\大模型\\Web版AI旅行规划师\\AITravelPlanner\\node_modules\\@esbuild\\win32-arm64'
72 silly reify ]
73 verbose reify failed optional dependency D:\Personal\研一上\大模型\Web版AI旅行规划师\AITravelPlanner\node_modules\@esbuild\sunos-x64
74 silly reify mark deleted [
74 silly reify   'D:\\Personal\\研一上\\大模型\\Web版AI旅行规划师\\AITravelPlanner\\node_modules\\@esbuild\\sunos-x64'
74 silly reify ]
75 verbose reify failed optional dependency D:\Personal\研一上\大模型\Web版AI旅行规划师\AITravelPlanner\node_modules\@esbuild\openbsd-x64
76 silly reify mark deleted [
76 silly reify   'D:\\Personal\\研一上\\大模型\\Web版AI旅行规划师\\AITravelPlanner\\node_modules\\@esbuild\\openbsd-x64'
76 silly reify ]
77 verbose reify failed optional dependency D:\Personal\研一上\大模型\Web版AI旅行规划师\AITravelPlanner\node_modules\@esbuild\netbsd-x64
78 silly reify mark deleted [
78 silly reify   'D:\\Personal\\研一上\\大模型\\Web版AI旅行规划师\\AITravelPlanner\\node_modules\\@esbuild\\netbsd-x64'
78 silly reify ]
79 verbose reify failed optional dependency D:\Personal\研一上\大模型\Web版AI旅行规划师\AITravelPlanner\node_modules\@esbuild\linux-x64
80 silly reify mark deleted [
80 silly reify   'D:\\Personal\\研一上\\大模型\\Web版AI旅行规划师\\AITravelPlanner\\node_modules\\@esbuild\\linux-x64'
80 silly reify ]
81 verbose reify failed optional dependency D:\Personal\研一上\大模型\Web版AI旅行规划师\AITravelPlanner\node_modules\@esbuild\linux-s390x
82 silly reify mark deleted [
82 silly reify   'D:\\Personal\\研一上\\大模型\\Web版AI旅行规划师\\AITravelPlanner\\node_modules\\@esbuild\\linux-s390x'
82 silly reify ]
83 verbose reify failed optional dependency D:\Personal\研一上\大模型\Web版AI旅行规划师\AITravelPlanner\node_modules\@esbuild\linux-riscv64
84 silly reify mark deleted [
84 silly reify   'D:\\Personal\\研一上\\大模型\\Web版AI旅行规划师\\AITravelPlanner\\node_modules\\@esbuild\\linux-riscv64'
84 silly reify ]
85 verbose reify failed optional dependency D:\Personal\研一上\大模型\Web版AI旅行规划师\AITravelPlanner\node_modules\@esbuild\linux-ppc64
86 silly reify mark deleted [
86 silly reify   'D:\\Personal\\研一上\\大模型\\Web版AI旅行规划师\\AITravelPlanner\\node_modules\\@esbuild\\linux-ppc64'
86 silly reify ]
87 verbose reify failed optional dependency D:\Personal\研一上\大模型\Web版AI旅行规划师\AITravelPlanner\node_modules\@esbuild\linux-mips64el
88 silly reify mark deleted [
88 silly reify   'D:\\Personal\\研一上\\大模型\\Web版AI旅行规划师\\AITravelPlanner\\node_modules\\@esbuild\\linux-mips64el'
88 silly reify ]
89 verbose reify failed optional dependency D:\Personal\研一上\大模型\Web版AI旅行规划师\AITravelPlanner\node_modules\@esbuild\linux-loong64
90 silly reify mark deleted [
90 silly reify   'D:\\Personal\\研一上\\大模型\\Web版AI旅行规划师\\AITravelPlanner\\node_modules\\@esbuild\\linux-loong64'
90 silly reify ]
91 verbose reify failed optional dependency D:\Personal\研一上\大模型\Web版AI旅行规划师\AITravelPlanner\node_modules\@esbuild\linux-ia32
92 silly reify mark deleted [
92 silly reify   'D:\\Personal\\研一上\\大模型\\Web版AI旅行规划师\\AITravelPlanner\\node_modules\\@esbuild\\linux-ia32'
92 silly reify ]
93 verbose reify failed optional dependency D:\Personal\研一上\大模型\Web版AI旅行规划师\AITravelPlanner\node_modules\@esbuild\linux-arm64
94 silly reify mark deleted [
94 silly reify   'D:\\Personal\\研一上\\大模型\\Web版AI旅行规划师\\AITravelPlanner\\node_modules\\@esbuild\\linux-arm64'
94 silly reify ]
95 verbose reify failed optional dependency D:\Personal\研一上\大模型\Web版AI旅行规划师\AITravelPlanner\node_modules\@esbuild\linux-arm
96 silly reify mark deleted [
96 silly reify   'D:\\Personal\\研一上\\大模型\\Web版AI旅行规划师\\AITravelPlanner\\node_modules\\@esbuild\\linux-arm'
96 silly reify ]
97 verbose reify failed optional dependency D:\Personal\研一上\大模型\Web版AI旅行规划师\AITravelPlanner\node_modules\@esbuild\freebsd-x64
98 silly reify mark deleted [
98 silly reify   'D:\\Personal\\研一上\\大模型\\Web版AI旅行规划师\\AITravelPlanner\\node_modules\\@esbuild\\freebsd-x64'
98 silly reify ]
99 verbose reify failed optional dependency D:\Personal\研一上\大模型\Web版AI旅行规划师\AITravelPlanner\node_modules\@esbuild\freebsd-arm64
100 silly reify mark deleted [
100 silly reify   'D:\\Personal\\研一上\\大模型\\Web版AI旅行规划师\\AITravelPlanner\\node_modules\\@esbuild\\freebsd-arm64'
100 silly reify ]
101 verbose reify failed optional dependency D:\Personal\研一上\大模型\Web版AI旅行规划师\AITravelPlanner\node_modules\@esbuild\darwin-x64
102 silly reify mark deleted [
102 silly reify   'D:\\Personal\\研一上\\大模型\\Web版AI旅行规划师\\AITravelPlanner\\node_modules\\@esbuild\\darwin-x64'
102 silly reify ]
103 verbose reify failed optional dependency D:\Personal\研一上\大模型\Web版AI旅行规划师\AITravelPlanner\node_modules\@esbuild\darwin-arm64
104 silly reify mark deleted [
104 silly reify   'D:\\Personal\\研一上\\大模型\\Web版AI旅行规划师\\AITravelPlanner\\node_modules\\@esbuild\\darwin-arm64'
104 silly reify ]
105 verbose reify failed optional dependency D:\Personal\研一上\大模型\Web版AI旅行规划师\AITravelPlanner\node_modules\@esbuild\android-x64
106 silly reify mark deleted [
106 silly reify   'D:\\Personal\\研一上\\大模型\\Web版AI旅行规划师\\AITravelPlanner\\node_modules\\@esbuild\\android-x64'
106 silly reify ]
107 verbose reify failed optional dependency D:\Personal\研一上\大模型\Web版AI旅行规划师\AITravelPlanner\node_modules\@esbuild\android-arm64
108 silly reify mark deleted [
108 silly reify   'D:\\Personal\\研一上\\大模型\\Web版AI旅行规划师\\AITravelPlanner\\node_modules\\@esbuild\\android-arm64'
108 silly reify ]
109 verbose reify failed optional dependency D:\Personal\研一上\大模型\Web版AI旅行规划师\AITravelPlanner\node_modules\@esbuild\android-arm
110 silly reify mark deleted [
110 silly reify   'D:\\Personal\\研一上\\大模型\\Web版AI旅行规划师\\AITravelPlanner\\node_modules\\@esbuild\\android-arm'
110 silly reify ]
111 timing reifyNode:node_modules/fsevents Completed in 9ms
112 timing reifyNode:node_modules/@swc/core-win32-ia32-msvc Completed in 8ms
113 timing reifyNode:node_modules/@swc/core-win32-arm64-msvc Completed in 8ms
114 timing reifyNode:node_modules/@swc/core-linux-x64-musl Completed in 8ms
115 timing reifyNode:node_modules/@swc/core-linux-x64-gnu Completed in 8ms
116 timing reifyNode:node_modules/@swc/core-linux-arm64-musl Completed in 9ms
117 timing reifyNode:node_modules/@swc/core-linux-arm64-gnu Completed in 9ms
118 timing reifyNode:node_modules/@swc/core-linux-arm-gnueabihf Completed in 9ms
119 timing reifyNode:node_modules/@swc/core-darwin-x64 Completed in 9ms
120 timing reifyNode:node_modules/@swc/core-darwin-arm64 Completed in 9ms
121 timing reifyNode:node_modules/@esbuild/win32-ia32 Completed in 9ms
122 timing reifyNode:node_modules/@esbuild/win32-arm64 Completed in 9ms
123 timing reifyNode:node_modules/@esbuild/sunos-x64 Completed in 9ms
124 timing reifyNode:node_modules/@esbuild/openbsd-x64 Completed in 9ms
125 timing reifyNode:node_modules/@esbuild/netbsd-x64 Completed in 9ms
126 timing reifyNode:node_modules/@esbuild/linux-x64 Completed in 9ms
127 timing reifyNode:node_modules/@esbuild/linux-s390x Completed in 9ms
128 timing reifyNode:node_modules/@esbuild/linux-riscv64 Completed in 9ms
129 timing reifyNode:node_modules/@esbuild/linux-ppc64 Completed in 9ms
130 timing reifyNode:node_modules/@esbuild/linux-mips64el Completed in 9ms
131 timing reifyNode:node_modules/@esbuild/linux-loong64 Completed in 9ms
132 timing reifyNode:node_modules/@esbuild/linux-ia32 Completed in 9ms
133 timing reifyNode:node_modules/@esbuild/linux-arm64 Completed in 9ms
134 timing reifyNode:node_modules/@esbuild/linux-arm Completed in 9ms
135 timing reifyNode:node_modules/@esbuild/freebsd-x64 Completed in 9ms
136 timing reifyNode:node_modules/@esbuild/freebsd-arm64 Completed in 8ms
137 timing reifyNode:node_modules/@esbuild/darwin-x64 Completed in 8ms
138 timing reifyNode:node_modules/@esbuild/darwin-arm64 Completed in 8ms
139 timing reifyNode:node_modules/@esbuild/android-x64 Completed in 8ms
140 timing reifyNode:node_modules/@esbuild/android-arm64 Completed in 9ms
141 timing reifyNode:node_modules/@esbuild/android-arm Completed in 9ms
142 timing reify:unpack Completed in 11ms
143 timing reify:unretire Completed in 0ms
144 timing build:queue Completed in 1ms
145 timing build:deps Completed in 1ms
146 timing build Completed in 2ms
147 timing reify:build Completed in 2ms
148 timing reify:trash Completed in 9ms
149 timing reify:save Completed in 46ms
150 timing reify Completed in 423ms
151 silly ADD
152 silly ADD
153 silly ADD
154 silly ADD
155 silly ADD
156 silly ADD
157 silly ADD
158 silly ADD
159 silly ADD
160 silly ADD
161 silly ADD
162 silly ADD
163 silly ADD
164 silly ADD
165 silly ADD
166 silly ADD
167 silly ADD
168 silly ADD
169 silly ADD
170 silly ADD
171 silly ADD
172 silly ADD
173 silly ADD
174 silly ADD
175 silly ADD
176 silly ADD
177 silly ADD
178 silly ADD
179 silly ADD
180 silly ADD
181 silly ADD
182 timing command:install Completed in 435ms
183 verbose exit 0
184 timing npm Completed in 3100ms
185 info ok
